2020-11-04 14:33:19.285  INFO 15928 --- [restartedMain] com.liyang.LiyangApplication             : Starting LiyangApplication on IT021 with PID 15928 (F:\李杨\liyang\target\classes started by Administrator in F:\李杨\liyang)
2020-11-04 14:33:19.303  INFO 15928 --- [restartedMain] com.liyang.LiyangApplication             : No active profile set, falling back to default profiles: default
2020-11-04 14:33:19.398  INFO 15928 --- [restartedMain] .e.DevToolsPropertyDefaultsPostProcessor : Devtools property defaults active! Set 'spring.devtools.add-properties' to 'false' to disable
2020-11-04 14:33:19.398  INFO 15928 --- [restartedMain] .e.DevToolsPropertyDefaultsPostProcessor : For additional web related logging consider setting the 'logging.level.web' property to 'DEBUG'
2020-11-04 14:33:21.085  INFO 15928 --- [restartedMain] .s.d.r.c.RepositoryConfigurationDelegate : Multiple Spring Data modules found, entering strict repository configuration mode!
2020-11-04 14:33:21.087  INFO 15928 --- [restartedMain] .s.d.r.c.RepositoryConfigurationDelegate : Bootstrapping Spring Data JDBC repositories in DEFAULT mode.
2020-11-04 14:33:21.118  INFO 15928 --- [restartedMain] .s.d.r.c.RepositoryConfigurationDelegate : Finished Spring Data repository scanning in 23ms. Found 0 JDBC repository interfaces.
2020-11-04 14:33:21.135  INFO 15928 --- [restartedMain] .s.d.r.c.RepositoryConfigurationDelegate : Multiple Spring Data modules found, entering strict repository configuration mode!
2020-11-04 14:33:21.137  INFO 15928 --- [restartedMain] .s.d.r.c.RepositoryConfigurationDelegate : Bootstrapping Spring Data Redis repositories in DEFAULT mode.
2020-11-04 14:33:21.150  INFO 15928 --- [restartedMain] .s.d.r.c.RepositoryConfigurationDelegate : Finished Spring Data repository scanning in 5ms. Found 0 Redis repository interfaces.
2020-11-04 14:33:21.856 ERROR 15928 --- [restartedMain] o.a.catalina.core.AprLifecycleListener   : An incompatible version [1.2.10] of the Apache Tomcat Native library is installed, while Tomcat requires version [1.2.14]
2020-11-04 14:33:22.015 ERROR 15928 --- [restartedMain] o.a.catalina.core.AprLifecycleListener   : An incompatible version [1.2.10] of the Apache Tomcat Native library is installed, while Tomcat requires version [1.2.14]
2020-11-04 14:33:22.339  INFO 15928 --- [restartedMain] o.s.b.w.embedded.tomcat.TomcatWebServer  : Tomcat initialized with port(s): 8080 (http)
2020-11-04 14:33:22.360 ERROR 15928 --- [restartedMain] o.a.catalina.core.AprLifecycleListener   : An incompatible version [1.2.10] of the Apache Tomcat Native library is installed, while Tomcat requires version [1.2.14]
2020-11-04 14:33:22.376  INFO 15928 --- [restartedMain] o.apache.catalina.core.StandardService   : Starting service [Tomcat]
2020-11-04 14:33:22.377  INFO 15928 --- [restartedMain] org.apache.catalina.core.StandardEngine  : Starting Servlet engine: [Apache Tomcat/9.0.37]
2020-11-04 14:33:22.508  INFO 15928 --- [restartedMain] o.a.c.c.C.[Tomcat].[localhost].[/]       : Initializing Spring embedded WebApplicationContext
2020-11-04 14:33:22.508  INFO 15928 --- [restartedMain] o.s.web.context.ContextLoader            : Root WebApplicationContext: initialization completed in 3110 ms
2020-11-04 14:33:23.600  INFO 15928 --- [restartedMain] o.s.s.concurrent.ThreadPoolTaskExecutor  : Initializing ExecutorService 'applicationTaskExecutor'
2020-11-04 14:33:23.674  INFO 15928 --- [restartedMain] o.s.b.a.w.s.WelcomePageHandlerMapping    : Adding welcome page template: index
2020-11-04 14:33:24.157  INFO 15928 --- [restartedMain] o.s.s.c.ThreadPoolTaskScheduler          : Initializing ExecutorService 'taskScheduler'
2020-11-04 14:33:24.236  INFO 15928 --- [restartedMain] o.s.b.d.a.OptionalLiveReloadServer       : LiveReload server is running on port 35729
2020-11-04 14:33:24.318  INFO 15928 --- [restartedMain] o.s.b.w.embedded.tomcat.TomcatWebServer  : Tomcat started on port(s): 8080 (http) with context path ''
2020-11-04 14:33:24.321  INFO 15928 --- [restartedMain] com.liyang.LiyangApplication             : Started LiyangApplication in 6.048 seconds (JVM running for 8.938)
2020-11-04 14:34:21.973  INFO 15928 --- [http-nio-8080-exec-1] o.a.c.c.C.[Tomcat].[localhost].[/]       : Initializing Spring DispatcherServlet 'dispatcherServlet'
2020-11-04 14:34:21.992  INFO 15928 --- [http-nio-8080-exec-1] o.s.web.servlet.DispatcherServlet        : Initializing Servlet 'dispatcherServlet'
2020-11-04 14:34:22.000  INFO 15928 --- [http-nio-8080-exec-1] o.s.web.servlet.DispatcherServlet        : Completed initialization in 8 ms
2020-11-04 14:37:26.920  INFO 15928 --- [Thread-16] o.s.s.c.ThreadPoolTaskScheduler          : Shutting down ExecutorService 'taskScheduler'
2020-11-04 14:37:26.996  INFO 15928 --- [Thread-16] o.s.s.concurrent.ThreadPoolTaskExecutor  : Shutting down ExecutorService 'applicationTaskExecutor'
2020-11-04 14:37:27.243  INFO 15928 --- [restartedMain] com.liyang.LiyangApplication             : Starting LiyangApplication on IT021 with PID 15928 (F:\李杨\liyang\target\classes started by Administrator in F:\李杨\liyang)
2020-11-04 14:37:27.244  INFO 15928 --- [restartedMain] com.liyang.LiyangApplication             : No active profile set, falling back to default profiles: default
2020-11-04 14:37:27.380  WARN 15928 --- [restartedMain] ConfigServletWebServerApplicationContext : Exception encountered during context initialization - cancelling refresh attempt: org.springframework.beans.factory.BeanDefinitionStoreException: Failed to parse configuration class [com.liyang.LiyangApplication]; nested exception is java.io.FileNotFoundException: class path resource [com/liyang/controller/baseController.class] cannot be opened because it does not exist
2020-11-04 14:37:27.392 ERROR 15928 --- [restartedMain] o.s.boot.SpringApplication               : Application run failed

org.springframework.beans.factory.BeanDefinitionStoreException: Failed to parse configuration class [com.liyang.LiyangApplication]; nested exception is java.io.FileNotFoundException: class path resource [com/liyang/controller/baseController.class] cannot be opened because it does not exist
	at org.springframework.context.annotation.ConfigurationClassParser.parse(ConfigurationClassParser.java:181) ~[spring-context-5.1.17.RELEASE.jar:5.1.17.RELEASE]
	at org.springframework.context.annotation.ConfigurationClassPostProcessor.processConfigBeanDefinitions(ConfigurationClassPostProcessor.java:315) ~[spring-context-5.1.17.RELEASE.jar:5.1.17.RELEASE]
	at org.springframework.context.annotation.ConfigurationClassPostProcessor.postProcessBeanDefinitionRegistry(ConfigurationClassPostProcessor.java:232) ~[spring-context-5.1.17.RELEASE.jar:5.1.17.RELEASE]
	at org.springframework.context.support.PostProcessorRegistrationDelegate.invokeBeanDefinitionRegistryPostProcessors(PostProcessorRegistrationDelegate.java:275) ~[spring-context-5.1.17.RELEASE.jar:5.1.17.RELEASE]
	at org.springframework.context.support.PostProcessorRegistrationDelegate.invokeBeanFactoryPostProcessors(PostProcessorRegistrationDelegate.java:95) ~[spring-context-5.1.17.RELEASE.jar:5.1.17.RELEASE]
	at org.springframework.context.support.AbstractApplicationContext.invokeBeanFactoryPostProcessors(AbstractApplicationContext.java:706) ~[spring-context-5.1.17.RELEASE.jar:5.1.17.RELEASE]
	at org.springframework.context.support.AbstractApplicationContext.refresh(AbstractApplicationContext.java:532) ~[spring-context-5.1.17.RELEASE.jar:5.1.17.RELEASE]
	at org.springframework.boot.web.servlet.context.ServletWebServerApplicationContext.refresh(ServletWebServerApplicationContext.java:141) ~[spring-boot-2.1.16.RELEASE.jar:2.1.16.RELEASE]
	at org.springframework.boot.SpringApplication.refresh(SpringApplication.java:744) [spring-boot-2.1.16.RELEASE.jar:2.1.16.RELEASE]
	at org.springframework.boot.SpringApplication.refreshContext(SpringApplication.java:391) [spring-boot-2.1.16.RELEASE.jar:2.1.16.RELEASE]
	at org.springframework.boot.SpringApplication.run(SpringApplication.java:312) [spring-boot-2.1.16.RELEASE.jar:2.1.16.RELEASE]
	at org.springframework.boot.SpringApplication.run(SpringApplication.java:1215) [spring-boot-2.1.16.RELEASE.jar:2.1.16.RELEASE]
	at org.springframework.boot.SpringApplication.run(SpringApplication.java:1204) [spring-boot-2.1.16.RELEASE.jar:2.1.16.RELEASE]
	at com.liyang.LiyangApplication.main(LiyangApplication.java:15) [classes/:na]
	at sun.reflect.NativeMethodAccessorImpl.invoke0(Native Method) ~[na:1.8.0_181]
	at sun.reflect.NativeMethodAccessorImpl.invoke(NativeMethodAccessorImpl.java:62) ~[na:1.8.0_181]
	at sun.reflect.DelegatingMethodAccessorImpl.invoke(DelegatingMethodAccessorImpl.java:43) ~[na:1.8.0_181]
	at java.lang.reflect.Method.invoke(Method.java:498) ~[na:1.8.0_181]
	at org.springframework.boot.devtools.restart.RestartLauncher.run(RestartLauncher.java:49) [spring-boot-devtools-2.1.16.RELEASE.jar:2.1.16.RELEASE]
Caused by: java.io.FileNotFoundException: class path resource [com/liyang/controller/baseController.class] cannot be opened because it does not exist
	at org.springframework.core.io.ClassPathResource.getInputStream(ClassPathResource.java:180) ~[spring-core-5.1.17.RELEASE.jar:5.1.17.RELEASE]
	at org.springframework.core.type.classreading.SimpleMetadataReader.<init>(SimpleMetadataReader.java:51) ~[spring-core-5.1.17.RELEASE.jar:5.1.17.RELEASE]
	at org.springframework.core.type.classreading.SimpleMetadataReaderFactory.getMetadataReader(SimpleMetadataReaderFactory.java:103) ~[spring-core-5.1.17.RELEASE.jar:5.1.17.RELEASE]
	at org.springframework.boot.type.classreading.ConcurrentReferenceCachingMetadataReaderFactory.createMetadataReader(ConcurrentReferenceCachingMetadataReaderFactory.java:86) ~[spring-boot-2.1.16.RELEASE.jar:2.1.16.RELEASE]
	at org.springframework.boot.type.classreading.ConcurrentReferenceCachingMetadataReaderFactory.getMetadataReader(ConcurrentReferenceCachingMetadataReaderFactory.java:73) ~[spring-boot-2.1.16.RELEASE.jar:2.1.16.RELEASE]
	at org.springframework.core.type.classreading.SimpleMetadataReaderFactory.getMetadataReader(SimpleMetadataReaderFactory.java:81) ~[spring-core-5.1.17.RELEASE.jar:5.1.17.RELEASE]
	at org.springframework.context.annotation.ConfigurationClassParser.asSourceClass(ConfigurationClassParser.java:682) ~[spring-context-5.1.17.RELEASE.jar:5.1.17.RELEASE]
	at org.springframework.context.annotation.ConfigurationClassParser$SourceClass.getSuperClass(ConfigurationClassParser.java:989) ~[spring-context-5.1.17.RELEASE.jar:5.1.17.RELEASE]
	at org.springframework.context.annotation.ConfigurationClassParser.doProcessConfigurationClass(ConfigurationClassParser.java:332) ~[spring-context-5.1.17.RELEASE.jar:5.1.17.RELEASE]
	at org.springframework.context.annotation.ConfigurationClassParser.processConfigurationClass(ConfigurationClassParser.java:242) ~[spring-context-5.1.17.RELEASE.jar:5.1.17.RELEASE]
	at org.springframework.context.annotation.ConfigurationClassParser.parse(ConfigurationClassParser.java:191) ~[spring-context-5.1.17.RELEASE.jar:5.1.17.RELEASE]
	at org.springframework.context.annotation.ConfigurationClassParser.doProcessConfigurationClass(ConfigurationClassParser.java:295) ~[spring-context-5.1.17.RELEASE.jar:5.1.17.RELEASE]
	at org.springframework.context.annotation.ConfigurationClassParser.processConfigurationClass(ConfigurationClassParser.java:242) ~[spring-context-5.1.17.RELEASE.jar:5.1.17.RELEASE]
	at org.springframework.context.annotation.ConfigurationClassParser.parse(ConfigurationClassParser.java:199) ~[spring-context-5.1.17.RELEASE.jar:5.1.17.RELEASE]
	at org.springframework.context.annotation.ConfigurationClassParser.parse(ConfigurationClassParser.java:167) ~[spring-context-5.1.17.RELEASE.jar:5.1.17.RELEASE]
	... 18 common frames omitted

2020-11-04 14:37:28.879  INFO 15928 --- [restartedMain] com.liyang.LiyangApplication             : Starting LiyangApplication on IT021 with PID 15928 (F:\李杨\liyang\target\classes started by Administrator in F:\李杨\liyang)
2020-11-04 14:37:28.879  INFO 15928 --- [restartedMain] com.liyang.LiyangApplication             : No active profile set, falling back to default profiles: default
2020-11-04 14:37:29.116  INFO 15928 --- [restartedMain] .s.d.r.c.RepositoryConfigurationDelegate : Multiple Spring Data modules found, entering strict repository configuration mode!
2020-11-04 14:37:29.117  INFO 15928 --- [restartedMain] .s.d.r.c.RepositoryConfigurationDelegate : Bootstrapping Spring Data JDBC repositories in DEFAULT mode.
2020-11-04 14:37:29.125  INFO 15928 --- [restartedMain] .s.d.r.c.RepositoryConfigurationDelegate : Finished Spring Data repository scanning in 8ms. Found 0 JDBC repository interfaces.
2020-11-04 14:37:29.128  INFO 15928 --- [restartedMain] .s.d.r.c.RepositoryConfigurationDelegate : Multiple Spring Data modules found, entering strict repository configuration mode!
2020-11-04 14:37:29.128  INFO 15928 --- [restartedMain] .s.d.r.c.RepositoryConfigurationDelegate : Bootstrapping Spring Data Redis repositories in DEFAULT mode.
2020-11-04 14:37:29.132  INFO 15928 --- [restartedMain] .s.d.r.c.RepositoryConfigurationDelegate : Finished Spring Data repository scanning in 4ms. Found 0 Redis repository interfaces.
2020-11-04 14:37:29.193 ERROR 15928 --- [restartedMain] o.a.catalina.core.AprLifecycleListener   : An incompatible version [1.2.10] of the Apache Tomcat Native library is installed, while Tomcat requires version [1.2.14]
2020-11-04 14:37:29.236 ERROR 15928 --- [restartedMain] o.a.catalina.core.AprLifecycleListener   : An incompatible version [1.2.10] of the Apache Tomcat Native library is installed, while Tomcat requires version [1.2.14]
2020-11-04 14:37:29.291  INFO 15928 --- [restartedMain] o.s.b.w.embedded.tomcat.TomcatWebServer  : Tomcat initialized with port(s): 8080 (http)
2020-11-04 14:37:29.292 ERROR 15928 --- [restartedMain] o.a.catalina.core.AprLifecycleListener   : An incompatible version [1.2.10] of the Apache Tomcat Native library is installed, while Tomcat requires version [1.2.14]
2020-11-04 14:37:29.292  INFO 15928 --- [restartedMain] o.apache.catalina.core.StandardService   : Starting service [Tomcat]
2020-11-04 14:37:29.293  INFO 15928 --- [restartedMain] org.apache.catalina.core.StandardEngine  : Starting Servlet engine: [Apache Tomcat/9.0.37]
2020-11-04 14:37:29.317  INFO 15928 --- [restartedMain] o.a.c.c.C.[Tomcat].[localhost].[/]       : Initializing Spring embedded WebApplicationContext
2020-11-04 14:37:29.317  INFO 15928 --- [restartedMain] o.s.web.context.ContextLoader            : Root WebApplicationContext: initialization completed in 436 ms
2020-11-04 14:37:29.660  INFO 15928 --- [restartedMain] o.s.s.concurrent.ThreadPoolTaskExecutor  : Initializing ExecutorService 'applicationTaskExecutor'
2020-11-04 14:37:29.683  INFO 15928 --- [restartedMain] o.s.b.a.w.s.WelcomePageHandlerMapping    : Adding welcome page template: index
2020-11-04 14:37:29.766  INFO 15928 --- [restartedMain] o.s.s.c.ThreadPoolTaskScheduler          : Initializing ExecutorService 'taskScheduler'
2020-11-04 14:37:29.789  INFO 15928 --- [restartedMain] o.s.b.d.a.OptionalLiveReloadServer       : LiveReload server is running on port 35729
2020-11-04 14:37:29.822  INFO 15928 --- [restartedMain] o.s.b.w.embedded.tomcat.TomcatWebServer  : Tomcat started on port(s): 8080 (http) with context path ''
2020-11-04 14:37:29.823  INFO 15928 --- [restartedMain] com.liyang.LiyangApplication             : Started LiyangApplication in 0.982 seconds (JVM running for 254.151)
2020-11-04 14:37:29.826  INFO 15928 --- [restartedMain] .ConditionEvaluationDeltaLoggingListener : Condition evaluation unchanged
2020-11-04 14:38:44.636  INFO 15928 --- [Thread-24] o.s.s.c.ThreadPoolTaskScheduler          : Shutting down ExecutorService 'taskScheduler'
2020-11-04 14:38:44.644  INFO 15928 --- [Thread-24] o.s.s.concurrent.ThreadPoolTaskExecutor  : Shutting down ExecutorService 'applicationTaskExecutor'
2020-11-04 14:38:44.950  INFO 15928 --- [restartedMain] com.liyang.LiyangApplication             : Starting LiyangApplication on IT021 with PID 15928 (F:\李杨\liyang\target\classes started by Administrator in F:\李杨\liyang)
2020-11-04 14:38:44.950  INFO 15928 --- [restartedMain] com.liyang.LiyangApplication             : No active profile set, falling back to default profiles: default
2020-11-04 14:38:45.467  INFO 15928 --- [restartedMain] .s.d.r.c.RepositoryConfigurationDelegate : Multiple Spring Data modules found, entering strict repository configuration mode!
2020-11-04 14:38:45.467  INFO 15928 --- [restartedMain] .s.d.r.c.RepositoryConfigurationDelegate : Bootstrapping Spring Data JDBC repositories in DEFAULT mode.
2020-11-04 14:38:45.474  INFO 15928 --- [restartedMain] .s.d.r.c.RepositoryConfigurationDelegate : Finished Spring Data repository scanning in 7ms. Found 0 JDBC repository interfaces.
2020-11-04 14:38:45.477  INFO 15928 --- [restartedMain] .s.d.r.c.RepositoryConfigurationDelegate : Multiple Spring Data modules found, entering strict repository configuration mode!
2020-11-04 14:38:45.478  INFO 15928 --- [restartedMain] .s.d.r.c.RepositoryConfigurationDelegate : Bootstrapping Spring Data Redis repositories in DEFAULT mode.
2020-11-04 14:38:45.482  INFO 15928 --- [restartedMain] .s.d.r.c.RepositoryConfigurationDelegate : Finished Spring Data repository scanning in 4ms. Found 0 Redis repository interfaces.
2020-11-04 14:38:45.537 ERROR 15928 --- [restartedMain] o.a.catalina.core.AprLifecycleListener   : An incompatible version [1.2.10] of the Apache Tomcat Native library is installed, while Tomcat requires version [1.2.14]
2020-11-04 14:38:45.575 ERROR 15928 --- [restartedMain] o.a.catalina.core.AprLifecycleListener   : An incompatible version [1.2.10] of the Apache Tomcat Native library is installed, while Tomcat requires version [1.2.14]
2020-11-04 14:38:45.631  INFO 15928 --- [restartedMain] o.s.b.w.embedded.tomcat.TomcatWebServer  : Tomcat initialized with port(s): 8080 (http)
2020-11-04 14:38:45.632 ERROR 15928 --- [restartedMain] o.a.catalina.core.AprLifecycleListener   : An incompatible version [1.2.10] of the Apache Tomcat Native library is installed, while Tomcat requires version [1.2.14]
2020-11-04 14:38:45.632  INFO 15928 --- [restartedMain] o.apache.catalina.core.StandardService   : Starting service [Tomcat]
2020-11-04 14:38:45.632  INFO 15928 --- [restartedMain] org.apache.catalina.core.StandardEngine  : Starting Servlet engine: [Apache Tomcat/9.0.37]
2020-11-04 14:38:45.798  INFO 15928 --- [restartedMain] o.a.c.c.C.[Tomcat].[localhost].[/]       : Initializing Spring embedded WebApplicationContext
2020-11-04 14:38:45.798  INFO 15928 --- [restartedMain] o.s.web.context.ContextLoader            : Root WebApplicationContext: initialization completed in 845 ms
2020-11-04 14:38:46.087  INFO 15928 --- [restartedMain] o.s.s.concurrent.ThreadPoolTaskExecutor  : Initializing ExecutorService 'applicationTaskExecutor'
2020-11-04 14:38:46.106  INFO 15928 --- [restartedMain] o.s.b.a.w.s.WelcomePageHandlerMapping    : Adding welcome page template: index
2020-11-04 14:38:46.182  INFO 15928 --- [restartedMain] o.s.s.c.ThreadPoolTaskScheduler          : Initializing ExecutorService 'taskScheduler'
2020-11-04 14:38:46.205  INFO 15928 --- [restartedMain] o.s.b.d.a.OptionalLiveReloadServer       : LiveReload server is running on port 35729
2020-11-04 14:38:46.228  INFO 15928 --- [restartedMain] o.s.b.w.embedded.tomcat.TomcatWebServer  : Tomcat started on port(s): 8080 (http) with context path ''
2020-11-04 14:38:46.229  INFO 15928 --- [restartedMain] com.liyang.LiyangApplication             : Started LiyangApplication in 1.342 seconds (JVM running for 330.52)
2020-11-04 14:38:46.231  INFO 15928 --- [restartedMain] .ConditionEvaluationDeltaLoggingListener : Condition evaluation unchanged
2020-11-04 14:39:00.840  INFO 15928 --- [Thread-32] o.s.s.c.ThreadPoolTaskScheduler          : Shutting down ExecutorService 'taskScheduler'
2020-11-04 14:39:00.848  INFO 15928 --- [Thread-32] o.s.s.concurrent.ThreadPoolTaskExecutor  : Shutting down ExecutorService 'applicationTaskExecutor'
2020-11-04 14:39:01.106  INFO 15928 --- [restartedMain] com.liyang.LiyangApplication             : Starting LiyangApplication on IT021 with PID 15928 (F:\李杨\liyang\target\classes started by Administrator in F:\李杨\liyang)
2020-11-04 14:39:01.106  INFO 15928 --- [restartedMain] com.liyang.LiyangApplication             : No active profile set, falling back to default profiles: default
2020-11-04 14:39:01.659  INFO 15928 --- [restartedMain] .s.d.r.c.RepositoryConfigurationDelegate : Multiple Spring Data modules found, entering strict repository configuration mode!
2020-11-04 14:39:01.659  INFO 15928 --- [restartedMain] .s.d.r.c.RepositoryConfigurationDelegate : Bootstrapping Spring Data JDBC repositories in DEFAULT mode.
2020-11-04 14:39:01.668  INFO 15928 --- [restartedMain] .s.d.r.c.RepositoryConfigurationDelegate : Finished Spring Data repository scanning in 9ms. Found 0 JDBC repository interfaces.
2020-11-04 14:39:01.672  INFO 15928 --- [restartedMain] .s.d.r.c.RepositoryConfigurationDelegate : Multiple Spring Data modules found, entering strict repository configuration mode!
2020-11-04 14:39:01.672  INFO 15928 --- [restartedMain] .s.d.r.c.RepositoryConfigurationDelegate : Bootstrapping Spring Data Redis repositories in DEFAULT mode.
2020-11-04 14:39:01.676  INFO 15928 --- [restartedMain] .s.d.r.c.RepositoryConfigurationDelegate : Finished Spring Data repository scanning in 4ms. Found 0 Redis repository interfaces.
2020-11-04 14:39:01.744 ERROR 15928 --- [restartedMain] o.a.catalina.core.AprLifecycleListener   : An incompatible version [1.2.10] of the Apache Tomcat Native library is installed, while Tomcat requires version [1.2.14]
2020-11-04 14:39:01.784 ERROR 15928 --- [restartedMain] o.a.catalina.core.AprLifecycleListener   : An incompatible version [1.2.10] of the Apache Tomcat Native library is installed, while Tomcat requires version [1.2.14]
2020-11-04 14:39:01.838  INFO 15928 --- [restartedMain] o.s.b.w.embedded.tomcat.TomcatWebServer  : Tomcat initialized with port(s): 8080 (http)
2020-11-04 14:39:01.839 ERROR 15928 --- [restartedMain] o.a.catalina.core.AprLifecycleListener   : An incompatible version [1.2.10] of the Apache Tomcat Native library is installed, while Tomcat requires version [1.2.14]
2020-11-04 14:39:01.839  INFO 15928 --- [restartedMain] o.apache.catalina.core.StandardService   : Starting service [Tomcat]
2020-11-04 14:39:01.839  INFO 15928 --- [restartedMain] org.apache.catalina.core.StandardEngine  : Starting Servlet engine: [Apache Tomcat/9.0.37]
2020-11-04 14:39:01.859  INFO 15928 --- [restartedMain] o.a.c.c.C.[Tomcat].[localhost].[/]       : Initializing Spring embedded WebApplicationContext
2020-11-04 14:39:01.859  INFO 15928 --- [restartedMain] o.s.web.context.ContextLoader            : Root WebApplicationContext: initialization completed in 750 ms
2020-11-04 14:39:02.043  INFO 15928 --- [restartedMain] o.s.s.concurrent.ThreadPoolTaskExecutor  : Initializing ExecutorService 'applicationTaskExecutor'
2020-11-04 14:39:02.063  INFO 15928 --- [restartedMain] o.s.b.a.w.s.WelcomePageHandlerMapping    : Adding welcome page template: index
2020-11-04 14:39:02.138  INFO 15928 --- [restartedMain] o.s.s.c.ThreadPoolTaskScheduler          : Initializing ExecutorService 'taskScheduler'
2020-11-04 14:39:02.161  INFO 15928 --- [restartedMain] o.s.b.d.a.OptionalLiveReloadServer       : LiveReload server is running on port 35729
2020-11-04 14:39:02.182  INFO 15928 --- [restartedMain] o.s.b.w.embedded.tomcat.TomcatWebServer  : Tomcat started on port(s): 8080 (http) with context path ''
2020-11-04 14:39:02.183  INFO 15928 --- [restartedMain] com.liyang.LiyangApplication             : Started LiyangApplication in 1.119 seconds (JVM running for 346.466)
2020-11-04 14:39:02.185  INFO 15928 --- [restartedMain] .ConditionEvaluationDeltaLoggingListener : Condition evaluation unchanged
2020-11-04 14:41:30.170  INFO 13432 --- [restartedMain] com.liyang.LiyangApplication             : Starting LiyangApplication on IT021 with PID 13432 (F:\李杨\liyang\target\classes started by Administrator in F:\李杨\liyang)
2020-11-04 14:41:30.180  INFO 13432 --- [restartedMain] com.liyang.LiyangApplication             : No active profile set, falling back to default profiles: default
2020-11-04 14:41:30.340  INFO 13432 --- [restartedMain] .e.DevToolsPropertyDefaultsPostProcessor : Devtools property defaults active! Set 'spring.devtools.add-properties' to 'false' to disable
2020-11-04 14:41:30.341  INFO 13432 --- [restartedMain] .e.DevToolsPropertyDefaultsPostProcessor : For additional web related logging consider setting the 'logging.level.web' property to 'DEBUG'
2020-11-04 14:41:31.620  INFO 13432 --- [restartedMain] .s.d.r.c.RepositoryConfigurationDelegate : Multiple Spring Data modules found, entering strict repository configuration mode!
2020-11-04 14:41:31.621  INFO 13432 --- [restartedMain] .s.d.r.c.RepositoryConfigurationDelegate : Bootstrapping Spring Data JDBC repositories in DEFAULT mode.
2020-11-04 14:41:31.643  INFO 13432 --- [restartedMain] .s.d.r.c.RepositoryConfigurationDelegate : Finished Spring Data repository scanning in 18ms. Found 0 JDBC repository interfaces.
2020-11-04 14:41:31.654  INFO 13432 --- [restartedMain] .s.d.r.c.RepositoryConfigurationDelegate : Multiple Spring Data modules found, entering strict repository configuration mode!
2020-11-04 14:41:31.655  INFO 13432 --- [restartedMain] .s.d.r.c.RepositoryConfigurationDelegate : Bootstrapping Spring Data Redis repositories in DEFAULT mode.
2020-11-04 14:41:31.667  INFO 13432 --- [restartedMain] .s.d.r.c.RepositoryConfigurationDelegate : Finished Spring Data repository scanning in 5ms. Found 0 Redis repository interfaces.
2020-11-04 14:41:32.102 ERROR 13432 --- [restartedMain] o.a.catalina.core.AprLifecycleListener   : An incompatible version [1.2.10] of the Apache Tomcat Native library is installed, while Tomcat requires version [1.2.14]
2020-11-04 14:41:32.272 ERROR 13432 --- [restartedMain] o.a.catalina.core.AprLifecycleListener   : An incompatible version [1.2.10] of the Apache Tomcat Native library is installed, while Tomcat requires version [1.2.14]
2020-11-04 14:41:32.523  INFO 13432 --- [restartedMain] o.s.b.w.embedded.tomcat.TomcatWebServer  : Tomcat initialized with port(s): 8080 (http)
2020-11-04 14:41:32.539 ERROR 13432 --- [restartedMain] o.a.catalina.core.AprLifecycleListener   : An incompatible version [1.2.10] of the Apache Tomcat Native library is installed, while Tomcat requires version [1.2.14]
2020-11-04 14:41:32.562  INFO 13432 --- [restartedMain] o.apache.catalina.core.StandardService   : Starting service [Tomcat]
2020-11-04 14:41:32.563  INFO 13432 --- [restartedMain] org.apache.catalina.core.StandardEngine  : Starting Servlet engine: [Apache Tomcat/9.0.37]
2020-11-04 14:41:32.689  INFO 13432 --- [restartedMain] o.a.c.c.C.[Tomcat].[localhost].[/]       : Initializing Spring embedded WebApplicationContext
2020-11-04 14:41:32.690  INFO 13432 --- [restartedMain] o.s.web.context.ContextLoader            : Root WebApplicationContext: initialization completed in 2349 ms
2020-11-04 14:41:33.448  INFO 13432 --- [restartedMain] o.s.s.concurrent.ThreadPoolTaskExecutor  : Initializing ExecutorService 'applicationTaskExecutor'
2020-11-04 14:41:33.516  INFO 13432 --- [restartedMain] o.s.b.a.w.s.WelcomePageHandlerMapping    : Adding welcome page template: index
2020-11-04 14:41:33.920  INFO 13432 --- [restartedMain] o.s.s.c.ThreadPoolTaskScheduler          : Initializing ExecutorService 'taskScheduler'
2020-11-04 14:41:33.974  INFO 13432 --- [restartedMain] o.s.b.d.a.OptionalLiveReloadServer       : LiveReload server is running on port 35729
2020-11-04 14:41:34.040  INFO 13432 --- [restartedMain] o.s.b.w.embedded.tomcat.TomcatWebServer  : Tomcat started on port(s): 8080 (http) with context path ''
2020-11-04 14:41:34.043  INFO 13432 --- [restartedMain] com.liyang.LiyangApplication             : Started LiyangApplication in 4.545 seconds (JVM running for 5.719)
2020-11-04 14:41:37.641  INFO 13432 --- [http-nio-8080-exec-1] o.a.c.c.C.[Tomcat].[localhost].[/]       : Initializing Spring DispatcherServlet 'dispatcherServlet'
2020-11-04 14:41:37.641  INFO 13432 --- [http-nio-8080-exec-1] o.s.web.servlet.DispatcherServlet        : Initializing Servlet 'dispatcherServlet'
2020-11-04 14:41:37.651  INFO 13432 --- [http-nio-8080-exec-1] o.s.web.servlet.DispatcherServlet        : Completed initialization in 10 ms
